/nas/longleaf/home/jsgomez/github/HubEstimation/SimulationsDimRed_PaperRevision4
c0536.ll.unc.edu
Wed Mar 20 21:03:08 EDT 2024
aaaaaaaaaaaaaaaaaaaaaaaaaaaaaaaaaaaaaaaaaaaaaaaaaaaaaaaa
This is task 159,
aaaaaaaaaaaaaaaaaaaaaaaaaaaaaaaaaaaaaaaaaaaaaaaaaaaaaaaa
a
a
aaaaaaaaaaaaaaaaaaaaaaaaaaaaaaaaaaaaaaaaaaaaaaaaaaaaaaaa
1 Importing R and Rscript:
aaaaaaaaaaaaaaaaaaaaaaaaaaaaaaaaaaaaaaaaaaaaaaaaaaaaaaaa
a
a
aaaaaaaaaaaaaaaaaaaaaaaaaaaaaaaaaaaaaaaaaaaaaaaaaaaaaaaa
3 Running 200_SimWithGlassoMethods/213_Pretraining_SimulationScript.R with input 159 1
Loading required package: magrittr
Loading required package: tidyverse
── Attaching core tidyverse packages ──────────────────────── tidyverse 2.0.0 ──
✔ dplyr     1.1.3     ✔ readr     2.1.4
✔ forcats   1.0.0     ✔ stringr   1.5.1
✔ ggplot2   3.4.4     ✔ tibble    3.2.1
✔ lubridate 1.9.3     ✔ tidyr     1.3.0
✔ purrr     1.0.2     
── Conflicts ────────────────────────────────────────── tidyverse_conflicts() ──
✖ tidyr::extract()   masks magrittr::extract()
✖ dplyr::filter()    masks stats::filter()
✖ dplyr::lag()       masks stats::lag()
✖ purrr::set_names() masks magrittr::set_names()
ℹ Use the conflicted package (<http://conflicted.r-lib.org/>) to force all conflicts to become errors
Loading required package: testthat

Attaching package: ‘testthat’

The following object is masked from ‘package:dplyr’:

    matches

The following object is masked from ‘package:purrr’:

    is_null

The following objects are masked from ‘package:readr’:

    edition_get, local_edition

The following object is masked from ‘package:tidyr’:

    matches

The following objects are masked from ‘package:magrittr’:

    equals, is_less_than, not

Loading required package: matrixcalc
Loading required package: pracma

Attaching package: ‘pracma’

The following object is masked from ‘package:purrr’:

    cross

The following objects are masked from ‘package:magrittr’:

    and, mod, or

Loading required package: e1071

Attaching package: ‘e1071’

The following object is masked from ‘package:pracma’:

    sigmoid

Loading required package: MASS

Attaching package: ‘MASS’

The following object is masked from ‘package:dplyr’:

    select

Loading required package: Matrix

Attaching package: ‘Matrix’

The following objects are masked from ‘package:pracma’:

    expm, lu, tril, triu

The following objects are masked from ‘package:tidyr’:

    expand, pack, unpack

Loading required package: RSpectra
Loading required package: spam
Spam version 2.10-0 (2023-10-23) is loaded.
Type 'help( Spam)' or 'demo( spam)' for a short introduction 
and overview of this package.
Help for individual functions is also obtained by adding the
suffix '.spam' to the function name, e.g. 'help( chol.spam)'.

Attaching package: ‘spam’

The following object is masked from ‘package:Matrix’:

    det

The following objects are masked from ‘package:base’:

    backsolve, forwardsolve

Loading required package: mvtnorm

Attaching package: ‘mvtnorm’

The following objects are masked from ‘package:spam’:

    rmvnorm, rmvt

Loading required package: glasso
Loading required package: hglasso
Loading required package: igraph

Attaching package: ‘igraph’

The following object is masked from ‘package:matrixcalc’:

    %s%

The following object is masked from ‘package:testthat’:

    compare

The following objects are masked from ‘package:lubridate’:

    %--%, union

The following objects are masked from ‘package:dplyr’:

    as_data_frame, groups, union

The following objects are masked from ‘package:purrr’:

    compose, simplify

The following object is masked from ‘package:tidyr’:

    crossing

The following object is masked from ‘package:tibble’:

    as_data_frame

The following objects are masked from ‘package:stats’:

    decompose, spectrum

The following object is masked from ‘package:base’:

    union

Loading required package: plot.matrix
Loading required package: pROC
Type 'citation("pROC")' for a citation.

Attaching package: ‘pROC’

The following objects are masked from ‘package:stats’:

    cov, smooth, var

Loading required package: Ckmeans.1d.dp
Loading required package: pryr
Registered S3 method overwritten by 'pryr':
  method      from
  print.bytes Rcpp

Attaching package: ‘pryr’

The following object is masked from ‘package:igraph’:

    compose

The following object is masked from ‘package:pracma’:

    bits

The following object is masked from ‘package:dplyr’:

    where

The following objects are masked from ‘package:purrr’:

    compose, partial

[1] "#~~~~~~~~~~~~~~~~~~~~~~~~~~~~~~~~~~~~~"
[1] "#-----------------------Reading inputs"
[1] "#----------------------Verifying Inputs"
$M
[1] 100

$hmin
[1] 4

$hmax
[1] 6

$nhmin
[1] 4

$nhmax
[1] 6

$neffmin
[1] 4

$neffmax
[1] 6

$shuffle
[1] FALSE

$type
[1] "unif"

$running_days
[1] 0.5

$threshold
[1] 2

$hgl.length.out
[1] 2

$r
[1] 5

$pneff
[1] 0.01

$pnh
[1] 0.05

$ph
[1] 0.4

$nsim
[1] 25

$diagonal_shift
[1] 10

$n_prop
[1] 1

$T0_prop
[1] 0.75

$p
[1] 200

$id_task
[1] 159

$n
[1] 200

$T0
[1] 150

[1] "#~~~~~~~~~~~~~~~~~~~~~~~~~~~~~~~~~~~~~"
[1] "#-----------------------Creating Folders"
[1] "200_SimWithGlassoMethods/pretraining/"
[1] "#~~~~~~~~~~~~~~~~~~~~~~~~~~~~~~~~~~~~~"
[1] "#------------------Running simulations"
[1] "The diagonal/non-diagonal treshold is: 201.948391736579"
[1] "The diagonal/non-diagonal treshold is: 1.57772181044202"
[1] "The optimal tuning is: 0.119387434631654 , 0.142464416085575 , 0.142464416085575"
[1] "The optimal tuning is: 0.00855433940579026 , 0.00427716970289513 , 0.00427716970289513"
There were 50 or more warnings (use warnings() to see the first 50)
[1] "#~~~~~~~~~~~~~~~~~~~~~~~~~~~~~~~~~~~~~"
[1] "#-----------------------Saving Outputs"
[1] "200_SimWithGlassoMethods/pretraining/pretraining0/output159.RData"
aaaaaaaaaaaaaaaaaaaaaaaaaaaaaaaaaaaaaaaaaaaaaaaaaaaaaaaa
a
a
Thu Mar 21 00:36:11 EDT 2024
